<?xml version="1.0" encoding="UTF-8"?>
<testsuite name="XXLChess.SampleTest" tests="1" skipped="0" failures="0" errors="0" timestamp="2023-05-19T06:00:47" hostname="LAPTOP-RC53IQB8" time="0.018">
  <properties/>
  <testcase name="simpleTest()" classname="XXLChess.SampleTest" time="0.018"/>
  <system-out><![CDATA[]]></system-out>
  <system-err><![CDATA[]]></system-err>
</testsuite>
